<?xml version="1.0" encoding="UTF-8"?>
<!-- Generated by org.testng.reporters.JUnitReportReporter -->
<testsuite hostname="LAPTOP-KVV4E8PT" failures="0" tests="3" name="Amazontestng123.NewTest" time="12.785" errors="0" timestamp="2022-11-02T20:46:44 IST" skipped="0">
  <testcase classname="Amazontestng123.NewTest" name="a3" time="3.632"/>
  <system-out/>
  <testcase classname="Amazontestng123.NewTest" name="a4" time="2.908"/>
  <system-out/>
  <testcase classname="Amazontestng123.NewTest" name="a5" time="6.245"/>
  <system-out/>
</testsuite> <!-- Amazontestng123.NewTest -->
