<?xml version="1.0" encoding="UTF-8"?>
<!-- Generated by org.testng.reporters.JUnitReportReporter -->
<testsuite hostname="LAPTOP-KVV4E8PT" failures="0" tests="1" name="Hi.TestNgZeroDha" time="10.022" errors="0" timestamp="2022-10-03T19:44:50 IST" skipped="0">
  <testcase classname="Hi.TestNgZeroDha" name="Home" time="10.022"/>
  <system-out/>
</testsuite> <!-- Hi.TestNgZeroDha -->
